# JRE version: OpenJDK Runtime Environment (8.0_242-b01) (build 1.8.0_242-release-1644-b01)
# Java VM: OpenJDK 64-Bit Server VM (25.242-b01 mixed mode windows-amd64 compressed oops)
Heap:
 PSYoungGen      total 264704K, used 201001K [0x00000000d5580000, 0x00000000e7600000, 0x0000000100000000)
  eden space 237056K, 80% used [0x00000000d5580000,0x00000000e1083a70,0x00000000e3d00000)
  from space 27648K, 34% used [0x00000000e3d00000,0x00000000e4646c58,0x00000000e5800000)
  to   space 26624K, 0% used [0x00000000e5c00000,0x00000000e5c00000,0x00000000e7600000)
 ParOldGen       total 148992K, used 76104K [0x0000000080000000, 0x0000000089180000, 0x00000000d5580000)
  object space 148992K, 51% used [0x0000000080000000,0x0000000084a52070,0x0000000089180000)
 Metaspace       used 109936K, capacity 118398K, committed 118568K, reserved 1153024K
  class space    used 14417K, capacity 15843K, committed 15912K, reserved 1048576K
GC Heap History (10 events):
Event: 2606.428 GC heap before
{Heap before GC invocations=25 (full 4):
 PSYoungGen      total 243200K, used 228688K [0x00000000d5580000, 0x00000000e6580000, 0x0000000100000000)
  eden space 217088K, 100% used [0x00000000d5580000,0x00000000e2980000,0x00000000e2980000)
  from space 26112K, 44% used [0x00000000e4c00000,0x00000000e5754030,0x00000000e6580000)
  to   space 30720K, 0% used [0x00000000e2980000,0x00000000e2980000,0x00000000e4780000)
 ParOldGen       total 148992K, used 76064K [0x0000000080000000, 0x0000000089180000, 0x00000000d5580000)
  object space 148992K, 51% used [0x0000000080000000,0x0000000084a48070,0x0000000089180000)
 Metaspace       used 104786K, capacity 110626K, committed 110888K, reserved 1144832K
  class space    used 13720K, capacity 14798K, committed 14888K, reserved 1048576K
Event: 2606.466 GC heap after
Heap after GC invocations=25 (full 4):
 PSYoungGen      total 247808K, used 4624K [0x00000000d5580000, 0x00000000e7300000, 0x0000000100000000)
  eden space 217088K, 0% used [0x00000000d5580000,0x00000000d5580000,0x00000000e2980000)
  from space 30720K, 15% used [0x00000000e2980000,0x00000000e2e04040,0x00000000e4780000)
  to   space 30720K, 0% used [0x00000000e5500000,0x00000000e5500000,0x00000000e7300000)
 ParOldGen       total 148992K, used 76072K [0x0000000080000000, 0x0000000089180000, 0x00000000d5580000)
  object space 148992K, 51% used [0x0000000080000000,0x0000000084a4a070,0x0000000089180000)
 Metaspace       used 104786K, capacity 110626K, committed 110888K, reserved 1144832K
  class space    used 13720K, capacity 14798K, committed 14888K, reserved 1048576K
}
Event: 2648.436 GC heap before
{Heap before GC invocations=26 (full 4):
 PSYoungGen      total 247808K, used 221712K [0x00000000d5580000, 0x00000000e7300000, 0x0000000100000000)
  eden space 217088K, 100% used [0x00000000d5580000,0x00000000e2980000,0x00000000e2980000)
  from space 30720K, 15% used [0x00000000e2980000,0x00000000e2e04040,0x00000000e4780000)
  to   space 30720K, 0% used [0x00000000e5500000,0x00000000e5500000,0x00000000e7300000)
 ParOldGen       total 148992K, used 76072K [0x0000000080000000, 0x0000000089180000, 0x00000000d5580000)
  object space 148992K, 51% used [0x0000000080000000,0x0000000084a4a070,0x0000000089180000)
 Metaspace       used 105491K, capacity 111726K, committed 112040K, reserved 1146880K
  class space    used 13798K, capacity 14936K, committed 15016K, reserved 1048576K
Event: 2648.460 GC heap after
Heap after GC invocations=26 (full 4):
 PSYoungGen      total 255488K, used 8896K [0x00000000d5580000, 0x00000000e6f00000, 0x0000000100000000)
  eden space 228864K, 0% used [0x00000000d5580000,0x00000000d5580000,0x00000000e3500000)
  from space 26624K, 33% used [0x00000000e5500000,0x00000000e5db0050,0x00000000e6f00000)
  to   space 29696K, 0% used [0x00000000e3500000,0x00000000e3500000,0x00000000e5200000)
 ParOldGen       total 148992K, used 76080K [0x0000000080000000, 0x0000000089180000, 0x00000000d5580000)
  object space 148992K, 51% used [0x0000000080000000,0x0000000084a4c070,0x0000000089180000)
 Metaspace       used 105491K, capacity 111726K, committed 112040K, reserved 1146880K
  class space    used 13798K, capacity 14936K, committed 15016K, reserved 1048576K
}
Event: 2731.043 GC heap before
{Heap before GC invocations=27 (full 4):
 PSYoungGen      total 255488K, used 237760K [0x00000000d5580000, 0x00000000e6f00000, 0x0000000100000000)
  eden space 228864K, 100% used [0x00000000d5580000,0x00000000e3500000,0x00000000e3500000)
  from space 26624K, 33% used [0x00000000e5500000,0x00000000e5db0050,0x00000000e6f00000)
  to   space 29696K, 0% used [0x00000000e3500000,0x00000000e3500000,0x00000000e5200000)
 ParOldGen       total 148992K, used 76080K [0x0000000080000000, 0x0000000089180000, 0x00000000d5580000)
  object space 148992K, 51% used [0x0000000080000000,0x0000000084a4c070,0x0000000089180000)
 Metaspace       used 105940K, capacity 112688K, committed 112936K, reserved 1146880K
  class space    used 13873K, capacity 15075K, committed 15144K, reserved 1048576K
Event: 2731.063 GC heap after
Heap after GC invocations=27 (full 4):
 PSYoungGen      total 258560K, used 11136K [0x00000000d5580000, 0x00000000e7680000, 0x0000000100000000)
  eden space 228864K, 0% used [0x00000000d5580000,0x00000000d5580000,0x00000000e3500000)
  from space 29696K, 37% used [0x00000000e3500000,0x00000000e3fe0050,0x00000000e5200000)
  to   space 28672K, 0% used [0x00000000e5a80000,0x00000000e5a80000,0x00000000e7680000)
 ParOldGen       total 148992K, used 76088K [0x0000000080000000, 0x0000000089180000, 0x00000000d5580000)
  object space 148992K, 51% used [0x0000000080000000,0x0000000084a4e070,0x0000000089180000)
 Metaspace       used 105940K, capacity 112688K, committed 112936K, reserved 1146880K
  class space    used 13873K, capacity 15075K, committed 15144K, reserved 1048576K
}
Event: 2866.413 GC heap before
{Heap before GC invocations=28 (full 4):
 PSYoungGen      total 258560K, used 240000K [0x00000000d5580000, 0x00000000e7680000, 0x0000000100000000)
  eden space 228864K, 100% used [0x00000000d5580000,0x00000000e3500000,0x00000000e3500000)
  from space 29696K, 37% used [0x00000000e3500000,0x00000000e3fe0050,0x00000000e5200000)
  to   space 28672K, 0% used [0x00000000e5a80000,0x00000000e5a80000,0x00000000e7680000)
 ParOldGen       total 148992K, used 76088K [0x0000000080000000, 0x0000000089180000, 0x00000000d5580000)
  object space 148992K, 51% used [0x0000000080000000,0x0000000084a4e070,0x0000000089180000)
 Metaspace       used 106149K, capacity 112930K, committed 113192K, reserved 1146880K
  class space    used 13877K, capacity 15082K, committed 15144K, reserved 1048576K
Event: 2866.441 GC heap after
Heap after GC invocations=28 (full 4):
 PSYoungGen      total 262144K, used 10016K [0x00000000d5580000, 0x00000000e7300000, 0x0000000100000000)
  eden space 237056K, 0% used [0x00000000d5580000,0x00000000d5580000,0x00000000e3d00000)
  from space 25088K, 39% used [0x00000000e5a80000,0x00000000e6448090,0x00000000e7300000)
  to   space 27648K, 0% used [0x00000000e3d00000,0x00000000e3d00000,0x00000000e5800000)
 ParOldGen       total 148992K, used 76096K [0x0000000080000000, 0x0000000089180000, 0x00000000d5580000)
  object space 148992K, 51% used [0x0000000080000000,0x0000000084a50070,0x0000000089180000)
 Metaspace       used 106149K, capacity 112930K, committed 113192K, reserved 1146880K
  class space    used 13877K, capacity 15082K, committed 15144K, reserved 1048576K
}
Event: 3117.624 GC heap before
{Heap before GC invocations=29 (full 4):
 PSYoungGen      total 262144K, used 247072K [0x00000000d5580000, 0x00000000e7300000, 0x0000000100000000)
  eden space 237056K, 100% used [0x00000000d5580000,0x00000000e3d00000,0x00000000e3d00000)
  from space 25088K, 39% used [0x00000000e5a80000,0x00000000e6448090,0x00000000e7300000)
  to   space 27648K, 0% used [0x00000000e3d00000,0x00000000e3d00000,0x00000000e5800000)
 ParOldGen       total 148992K, used 76096K [0x0000000080000000, 0x0000000089180000, 0x00000000d5580000)
  object space 148992K, 51% used [0x0000000080000000,0x0000000084a50070,0x0000000089180000)
 Metaspace       used 107959K, capacity 116088K, committed 116264K, reserved 1150976K
  class space    used 14164K, capacity 15546K, committed 15656K, reserved 1048576K
Event: 3117.676 GC heap after
Heap after GC invocations=29 (full 4):
 PSYoungGen      total 264704K, used 9499K [0x00000000d5580000, 0x00000000e7600000, 0x0000000100000000)
  eden space 237056K, 0% used [0x00000000d5580000,0x00000000d5580000,0x00000000e3d00000)
  from space 27648K, 34% used [0x00000000e3d00000,0x00000000e4646c58,0x00000000e5800000)
  to   space 26624K, 0% used [0x00000000e5c00000,0x00000000e5c00000,0x00000000e7600000)
 ParOldGen       total 148992K, used 76104K [0x0000000080000000, 0x0000000089180000, 0x00000000d5580000)
  object space 148992K, 51% used [0x0000000080000000,0x0000000084a52070,0x0000000089180000)
 Metaspace       used 107959K, capacity 116088K, committed 116264K, reserved 1150976K
  class space    used 14164K, capacity 15546K, committed 15656K, reserved 1048576K
}

